
RandomForest Results:
RandomForest CV ROC-AUC (3-fold): 0.9878
              precision    recall  f1-score   support

           0       0.98      0.97      0.97       360
           1       0.91      0.93      0.92       120

    accuracy                           0.96       480
   macro avg       0.94      0.95      0.95       480
weighted avg       0.96      0.96      0.96       480

ROC-AUC: 0.9904
RandomForest model saved to results/model_stats/2025-09-19_12-42-00_LinkedIn people profiles datasets - Clean_label_data_NoAI_RandomForest.pkl

GradientBoosting Results:
GradientBoosting CV ROC-AUC (3-fold): 0.9906
              precision    recall  f1-score   support

           0       0.98      0.96      0.97       360
           1       0.89      0.95      0.92       120

    accuracy                           0.96       480
   macro avg       0.94      0.96      0.95       480
weighted avg       0.96      0.96      0.96       480

ROC-AUC: 0.9907
GradientBoosting model saved to results/model_stats/2025-09-19_12-42-00_LinkedIn people profiles datasets - Clean_label_data_NoAI_GradientBoosting.pkl

LogisticRegression Results:
LogisticRegression CV ROC-AUC (3-fold): 0.9671
              precision    recall  f1-score   support

           0       0.97      0.86      0.92       360
           1       0.70      0.93      0.80       120

    accuracy                           0.88       480
   macro avg       0.84      0.90      0.86       480
weighted avg       0.91      0.88      0.89       480

ROC-AUC: 0.9491
LogisticRegression model saved to results/model_stats/2025-09-19_12-42-00_LinkedIn people profiles datasets - Clean_label_data_NoAI_LogisticRegression.pkl

BaggingClassifier Results:
Could not run cross_val_score for BaggingClassifier: 
All the 3 fits failed.
It is very likely that your model is misconfigured.
You can try to debug the error by setting error_score='raise'.

Below are more details about the failures:
--------------------------------------------------------------------------------
3 fits failed with the following error:
Traceback (most recent call last):
  File "/home/fasma/heriot-watt/Research_Methods/FADL/env/lib/python3.12/site-packages/sklearn/utils/_indexing.py", line 341, in _get_column_indices
    all_columns = X.columns
                  ^^^^^^^^^
AttributeError: 'numpy.ndarray' object has no attribute 'columns'

During handling of the above exception, another exception occurred:

Traceback (most recent call last):
  File "/home/fasma/heriot-watt/Research_Methods/FADL/env/lib/python3.12/site-packages/sklearn/model_selection/_validation.py", line 866, in _fit_and_score
    estimator.fit(X_train, y_train, **fit_params)
  File "/home/fasma/heriot-watt/Research_Methods/FADL/env/lib/python3.12/site-packages/sklearn/utils/validation.py", line 63, in inner_f
    return f(*args, **kwargs)
           ^^^^^^^^^^^^^^^^^^
  File "/home/fasma/heriot-watt/Research_Methods/FADL/env/lib/python3.12/site-packages/sklearn/base.py", line 1389, in wrapper
    return fit_method(estimator, *args, **kwargs)
           ^^^^^^^^^^^^^^^^^^^^^^^^^^^^^^^^^^^^^^
  File "/home/fasma/heriot-watt/Research_Methods/FADL/env/lib/python3.12/site-packages/sklearn/ensemble/_bagging.py", line 389, in fit
    return self._fit(X, y, max_samples=self.max_samples, **fit_params)
           ^^^^^^^^^^^^^^^^^^^^^^^^^^^^^^^^^^^^^^^^^^^^^^^^^^^^^^^^^^^
  File "/home/fasma/heriot-watt/Research_Methods/FADL/env/lib/python3.12/site-packages/sklearn/ensemble/_bagging.py", line 532, in _fit
    all_results = Parallel(
                  ^^^^^^^^^
  File "/home/fasma/heriot-watt/Research_Methods/FADL/env/lib/python3.12/site-packages/sklearn/utils/parallel.py", line 77, in __call__
    return super().__call__(iterable_with_config)
           ^^^^^^^^^^^^^^^^^^^^^^^^^^^^^^^^^^^^^^
  File "/home/fasma/heriot-watt/Research_Methods/FADL/env/lib/python3.12/site-packages/joblib/parallel.py", line 1985, in __call__
    return output if self.return_generator else list(output)
                                                ^^^^^^^^^^^^
  File "/home/fasma/heriot-watt/Research_Methods/FADL/env/lib/python3.12/site-packages/joblib/parallel.py", line 1913, in _get_sequential_output
    res = func(*args, **kwargs)
          ^^^^^^^^^^^^^^^^^^^^^
  File "/home/fasma/heriot-watt/Research_Methods/FADL/env/lib/python3.12/site-packages/sklearn/utils/parallel.py", line 139, in __call__
    return self.function(*args, **kwargs)
           ^^^^^^^^^^^^^^^^^^^^^^^^^^^^^^
  File "/home/fasma/heriot-watt/Research_Methods/FADL/env/lib/python3.12/site-packages/sklearn/ensemble/_bagging.py", line 197, in _parallel_build_estimators
    estimator_fit(X_, y_, **fit_params_)
  File "/home/fasma/heriot-watt/Research_Methods/FADL/env/lib/python3.12/site-packages/sklearn/base.py", line 1389, in wrapper
    return fit_method(estimator, *args, **kwargs)
           ^^^^^^^^^^^^^^^^^^^^^^^^^^^^^^^^^^^^^^
  File "/home/fasma/heriot-watt/Research_Methods/FADL/env/lib/python3.12/site-packages/sklearn/pipeline.py", line 654, in fit
    Xt = self._fit(X, y, routed_params, raw_params=params)
         ^^^^^^^^^^^^^^^^^^^^^^^^^^^^^^^^^^^^^^^^^^^^^^^^^
  File "/home/fasma/heriot-watt/Research_Methods/FADL/env/lib/python3.12/site-packages/sklearn/pipeline.py", line 588, in _fit
    X, fitted_transformer = fit_transform_one_cached(
                            ^^^^^^^^^^^^^^^^^^^^^^^^^
  File "/home/fasma/heriot-watt/Research_Methods/FADL/env/lib/python3.12/site-packages/joblib/memory.py", line 326, in __call__
    return self.func(*args, **kwargs)
           ^^^^^^^^^^^^^^^^^^^^^^^^^^
  File "/home/fasma/heriot-watt/Research_Methods/FADL/env/lib/python3.12/site-packages/sklearn/pipeline.py", line 1551, in _fit_transform_one
    res = transformer.fit_transform(X, y, **params.get("fit_transform", {}))
          ^^^^^^^^^^^^^^^^^^^^^^^^^^^^^^^^^^^^^^^^^^^^^^^^^^^^^^^^^^^^^^^^^^
  File "/home/fasma/heriot-watt/Research_Methods/FADL/env/lib/python3.12/site-packages/sklearn/utils/_set_output.py", line 319, in wrapped
    data_to_wrap = f(self, X, *args, **kwargs)
                   ^^^^^^^^^^^^^^^^^^^^^^^^^^^
  File "/home/fasma/heriot-watt/Research_Methods/FADL/env/lib/python3.12/site-packages/sklearn/base.py", line 1389, in wrapper
    return fit_method(estimator, *args, **kwargs)
           ^^^^^^^^^^^^^^^^^^^^^^^^^^^^^^^^^^^^^^
  File "/home/fasma/heriot-watt/Research_Methods/FADL/env/lib/python3.12/site-packages/sklearn/compose/_column_transformer.py", line 993, in fit_transform
    self._validate_column_callables(X)
  File "/home/fasma/heriot-watt/Research_Methods/FADL/env/lib/python3.12/site-packages/sklearn/compose/_column_transformer.py", line 552, in _validate_column_callables
    transformer_to_input_indices[name] = _get_column_indices(X, columns)
                                         ^^^^^^^^^^^^^^^^^^^^^^^^^^^^^^^
  File "/home/fasma/heriot-watt/Research_Methods/FADL/env/lib/python3.12/site-packages/sklearn/utils/_indexing.py", line 343, in _get_column_indices
    raise ValueError(
ValueError: Specifying the columns using strings is only supported for dataframes.

